#
# There is insufficient memory for the Java Runtime Environment to continue.
# Native memory allocation (malloc) failed to allocate 129456 bytes for Chunk::new
# Possible reasons:
#   The system is out of physical RAM or swap space
#   The process is running with CompressedOops enabled, and the Java Heap may be blocking the growth of the native heap
# Possible solutions:
#   Reduce memory load on the system
#   Increase physical memory or swap space
#   Check if swap backing store is full
#   Decrease Java heap size (-Xmx/-Xms)
#   Decrease number of Java threads
#   Decrease Java thread stack sizes (-Xss)
#   Set larger code cache with -XX:ReservedCodeCacheSize=
#   JVM is running with Unscaled Compressed Oops mode in which the Java heap is
#     placed in the first 4GB address space. The Java Heap base address is the
#     maximum limit for the native heap growth. Please use -XX:HeapBaseMinAddress
#     to set the Java Heap base and to place the Java Heap above 4GB virtual address.
# This output file may be truncated or incomplete.
#
#  Out of Memory Error (allocation.cpp:389), pid=25708, tid=0x00000000000065dc
#
# JRE version: OpenJDK Runtime Environment (8.0_212-b04) (build 1.8.0_212-release-1586-b04)
# Java VM: OpenJDK 64-Bit Server VM (25.212-b04 mixed mode windows-amd64 compressed oops)
# Failed to write core dump. Minidumps are not enabled by default on client versions of Windows
#

---------------  T H R E A D  ---------------

Current thread (0x0000000019611000):  JavaThread "C2 CompilerThread1" daemon [_thread_in_native, id=26076, stack(0x0000000019fe0000,0x000000001a0e0000)]

Stack: [0x0000000019fe0000,0x000000001a0e0000]
[error occurred during error reporting (printing stack bounds), id 0xc0000005]

Native frames: (J=compiled Java code, j=interpreted, Vv=VM code, C=native code)


Current CompileTask:
C2:29465247 29613       4       com.android.tools.r8.graph.s0$b::a (66 bytes)


---------------  P R O C E S S  ---------------

Java Threads: ( => current thread )
  0x0000000022a0b000 JavaThread "Cache worker for Java compile cache (D:\mohit\projects\visualizer-android\PaintVisualizer\.gradle\5.6.4\javaCompile)" [_thread_blocked, id=20328, stack(0x000000002a370000,0x000000002a470000)]
  0x0000000022a08000 JavaThread "stdout" [_thread_in_native, id=19312, stack(0x0000000029010000,0x0000000029110000)]
  0x000000001c56e800 JavaThread "stderr" [_thread_in_native, id=20304, stack(0x0000000028f10000,0x0000000029010000)]
  0x000000001c56d800 JavaThread "pool-68-thread-1" [_thread_blocked, id=27204, stack(0x0000000028ba0000,0x0000000028ca0000)]
  0x000000001c573000 JavaThread "WorkerExecutor Queue Thread 2" [_thread_blocked, id=10908, stack(0x0000000028aa0000,0x0000000028ba0000)]
  0x000000001c570800 JavaThread "WorkerExecutor Queue" [_thread_blocked, id=26872, stack(0x00000000289a0000,0x0000000028aa0000)]
  0x000000001c569000 JavaThread "Cache worker for execution history cache (D:\mohit\projects\visualizer-android\PaintVisualizer\.gradle\5.6.4\executionHistory)" [_thread_blocked, id=23832, stack(0x00000000288a0000,0x00000000289a0000)]
  0x000000001cb6e800 JavaThread "Execution worker for ':' Thread 7" [_thread_in_Java, id=27472, stack(0x0000000027fa0000,0x00000000280a0000)]
  0x000000001cb6d800 JavaThread "Execution worker for ':' Thread 6" [_thread_in_Java, id=12564, stack(0x0000000027ea0000,0x0000000027fa0000)]
  0x000000001cb6c000 JavaThread "Execution worker for ':' Thread 5" [_thread_in_Java, id=15808, stack(0x0000000027da0000,0x0000000027ea0000)]
  0x000000001cb73000 JavaThread "Execution worker for ':' Thread 4" [_thread_in_Java, id=20932, stack(0x00000000274a0000,0x00000000275a0000)]
  0x000000001cb71800 JavaThread "Execution worker for ':' Thread 3" [_thread_in_Java, id=20488, stack(0x00000000271a0000,0x00000000272a0000)]
  0x000000001cb70000 JavaThread "Execution worker for ':' Thread 2" [_thread_in_Java, id=4268, stack(0x00000000270a0000,0x00000000271a0000)]
  0x000000001cb64800 JavaThread "Execution worker for ':'" [_thread_in_vm, id=18440, stack(0x00000000267a0000,0x00000000268a0000)]
  0x000000001cb6b800 JavaThread "Cache worker for file content cache (D:\mohit\projects\visualizer-android\PaintVisualizer\.gradle\5.6.4\fileContent)" [_thread_blocked, id=10776, stack(0x0000000025fa0000,0x00000000260a0000)]
  0x000000001cb66000 JavaThread "Cache worker for Build Output Cleanup Cache (D:\mohit\projects\visualizer-android\PaintVisualizer\.gradle\buildOutputCleanup)" [_thread_blocked, id=2628, stack(0x0000000025440000,0x0000000025540000)]
  0x000000001cb6a800 JavaThread "Build operations Thread 8" [_thread_blocked, id=7424, stack(0x0000000025340000,0x0000000025440000)]
  0x000000001cb6a000 JavaThread "Build operations Thread 7" [_thread_blocked, id=10464, stack(0x0000000024840000,0x0000000024940000)]
  0x000000001cb68800 JavaThread "Build operations Thread 6" [_thread_blocked, id=21884, stack(0x0000000023f00000,0x0000000024000000)]
  0x000000001cb64000 JavaThread "Build operations Thread 5" [_thread_blocked, id=22164, stack(0x0000000023e00000,0x0000000023f00000)]
  0x000000001cb67000 JavaThread "Build operations Thread 4" [_thread_blocked, id=25760, stack(0x0000000023d00000,0x0000000023e00000)]
  0x000000001cb69000 JavaThread "Build operations Thread 3" [_thread_blocked, id=10536, stack(0x0000000023c00000,0x0000000023d00000)]
  0x000000001cb65800 JavaThread "Build operations Thread 2" [_thread_blocked, id=24744, stack(0x0000000023b00000,0x0000000023c00000)]
  0x000000001c7c3800 JavaThread "Build operations" [_thread_blocked, id=8876, stack(0x0000000023a00000,0x0000000023b00000)]
  0x000000001c7c2800 JavaThread "Cache worker for cache directory md-rule (C:\Users\Karan More\.gradle\caches\5.6.4\md-rule)" [_thread_blocked, id=21176, stack(0x0000000023900000,0x0000000023a00000)]
  0x000000001c7c2000 JavaThread "Cache worker for cache directory md-supplier (C:\Users\Karan More\.gradle\caches\5.6.4\md-supplier)" [_thread_blocked, id=14624, stack(0x0000000023800000,0x0000000023900000)]
  0x000000001c7b8000 JavaThread "Cache worker for file hash cache (D:\mohit\projects\visualizer-android\PaintVisualizer\.gradle\5.6.4\fileHashes)" [_thread_blocked, id=22940, stack(0x0000000022630000,0x0000000022730000)]
  0x000000001c7b7800 JavaThread "Thread-1201" [_thread_blocked, id=26376, stack(0x0000000020a70000,0x0000000020b70000)]
  0x000000001c7ba800 JavaThread "Stdin handler" [_thread_blocked, id=25872, stack(0x00000000206a0000,0x00000000207a0000)]
  0x000000001c7bc800 JavaThread "Asynchronous log dispatcher for DefaultDaemonConnection: socket connection from /127.0.0.1:54959 to /127.0.0.1:59230" [_thread_blocked, id=20708, stack(0x000000001dc00000,0x000000001dd00000)]
  0x000000001c7bc000 JavaThread "Daemon worker Thread 29" [_thread_in_Java, id=21648, stack(0x000000001db00000,0x000000001dc00000)]
  0x000000001c7be000 JavaThread "Cancel handler" [_thread_blocked, id=19712, stack(0x000000001da00000,0x000000001db00000)]
  0x000000001c7bb000 JavaThread "Handler for socket connection from /127.0.0.1:54959 to /127.0.0.1:59230" [_thread_in_native, id=26180, stack(0x000000001d700000,0x000000001d800000)]
  0x000000001c7b6800 JavaThread "Daemon Thread 29" [_thread_blocked, id=21612, stack(0x000000001d600000,0x000000001d700000)]
  0x000000001c567800 JavaThread "Cache worker for Java compile cache (C:\Users\Karan More\.gradle\caches\5.6.4\javaCompile)" [_thread_blocked, id=2952, stack(0x00000000272a0000,0x00000000273a0000)]
  0x000000001c575000 JavaThread "Cache worker for file content cache (C:\Users\Karan More\.gradle\caches\5.6.4\fileContent)" [_thread_blocked, id=10768, stack(0x0000000025240000,0x0000000025340000)]
  0x000000001c574800 JavaThread "Memory manager" [_thread_blocked, id=11528, stack(0x0000000025140000,0x0000000025240000)]
  0x000000001c56c000 JavaThread "Cache worker for execution history cache (C:\Users\Karan More\.gradle\caches\5.6.4\executionHistory)" [_thread_blocked, id=20652, stack(0x0000000023700000,0x0000000023800000)]
  0x000000001ab1f800 JavaThread "Cache worker for journal cache (C:\Users\Karan More\.gradle\caches\journal-1)" [_thread_blocked, id=22304, stack(0x000000001e400000,0x000000001e500000)]
  0x000000001ab24800 JavaThread "File lock request listener" [_thread_in_native, id=26636, stack(0x000000001e300000,0x000000001e400000)]
  0x000000001ab21000 JavaThread "Cache worker for file hash cache (C:\Users\Karan More\.gradle\caches\5.6.4\fileHashes)" [_thread_blocked, id=26372, stack(0x000000001e000000,0x000000001e100000)]
  0x000000001abd8800 JavaThread "Daemon periodic checks" [_thread_blocked, id=18944, stack(0x000000001d500000,0x000000001d600000)]
  0x000000001bfc7800 JavaThread "Incoming local TCP Connector on port 54959" [_thread_in_native, id=11776, stack(0x000000001d2c0000,0x000000001d3c0000)]
  0x000000001bf4f800 JavaThread "Daemon health stats" [_thread_blocked, id=23196, stack(0x000000001cc80000,0x000000001cd80000)]
  0x00000000196a4800 JavaThread "Service Thread" daemon [_thread_blocked, id=22684, stack(0x000000001a2e0000,0x000000001a3e0000)]
  0x000000001961b800 JavaThread "C1 CompilerThread3" daemon [_thread_in_native, id=3912, stack(0x000000001a1e0000,0x000000001a2e0000)]
  0x0000000019614800 JavaThread "C2 CompilerThread2" daemon [_thread_in_native, id=840, stack(0x000000001a0e0000,0x000000001a1e0000)]
=>0x0000000019611000 JavaThread "C2 CompilerThread1" daemon [_thread_in_native, id=26076, stack(0x0000000019fe0000,0x000000001a0e0000)]
  0x000000001960e000 JavaThread "C2 CompilerThread0" daemon [_thread_in_native, id=20444, stack(0x0000000019ee0000,0x0000000019fe0000)]
  0x0000000019608000 JavaThread "Attach Listener" daemon [_thread_blocked, id=21712, stack(0x0000000019de0000,0x0000000019ee0000)]
  0x0000000019605000 JavaThread "Signal Dispatcher" daemon [_thread_blocked, id=14096, stack(0x0000000019ce0000,0x0000000019de0000)]
  0x000000000276c800 JavaThread "Finalizer" daemon [_thread_blocked, id=25996, stack(0x0000000019ae0000,0x0000000019be0000)]
  0x0000000019600800 JavaThread "Reference Handler" daemon [_thread_blocked, id=26336, stack(0x00000000199e0000,0x0000000019ae0000)]
  0x0000000002672800 JavaThread "main" [_thread_blocked, id=27028, stack(0x0000000002500000,0x0000000002600000)]

Other Threads:
  0x00000000177d6800 VMThread [stack: 0x00000000194e0000,0x00000000195e0000] [id=12268]
  0x00000000196a5800 WatcherThread [stack: 0x000000001a3e0000,0x000000001a4e0000] [id=8940]

VM state:not at safepoint (normal execution)

VM Mutex/Monitor currently owned by a thread:  ([mutex/lock_event])
[0x000000000266d580] CodeCache_lock - owner thread: 0x000000001961b800
[0x0000000002671850] Compile_lock - owner thread: 0x000000001961b800
[0x00000000026703d0] MethodCompileQueue_lock - owner thread: 0x000000001961b800

heap address: 0x0000000080000000, size: 2048 MB, Compressed Oops mode: 32-bit
Narrow klass base: 0x0000000000000000, Narrow klass shift: 3
Compressed class space size: 1073741824 Address: 0x0000000100000000

Heap:
 PSYoungGen      total 350720K, used 184226K [0x00000000d5580000, 0x00000000eda00000, 0x0000000100000000)
  eden space 309760K, 49% used [0x00000000d5580000,0x00000000dea7b1e8,0x00000000e8400000)
  from space 40960K, 77% used [0x00000000e8400000,0x00000000ea2ed6d8,0x00000000eac00000)
  to   space 43008K, 0% used [0x00000000eb000000,0x00000000eb000000,0x00000000eda00000)
 ParOldGen       total 145920K, used 72323K [0x0000000080000000, 0x0000000088e80000, 0x00000000d5580000)
  object space 145920K, 49% used [0x0000000080000000,0x00000000846a0d08,0x0000000088e80000)
 Metaspace       used 98267K, capacity 104804K, committed 105000K, reserved 1140736K
  class space    used 12458K, capacity 13577K, committed 13608K, reserved 1048576K

Card table byte_map: [0x0000000011b30000,0x0000000011f40000] byte_map_base: 0x0000000011730000

Marking Bits: (ParMarkBitMap*) 0x0000000053cd9f30
 Begin Bits: [0x00000000129f0000, 0x00000000149f0000)
 End Bits:   [0x00000000149f0000, 0x00000000169f0000)

Polling page: 0x0000000000cc0000

CodeCache: size=245760Kb used=81152Kb max_used=81152Kb free=164607Kb
 bounds [0x0000000002770000, 0x0000000007740000, 0x0000000011770000]
 total_blobs=22441 nmethods=21539 adapters=812
 compilation: enabled

Compilation events (10 events):
Event: 29464.874 Thread 0x000000001960e000 nmethod 29585% 0x00000000076ee950 code [0x00000000076eed80, 0x00000000076f15e0]
Event: 29464.875 Thread 0x000000001960e000 29622 %     4       com.android.tools.r8.B.a.a.f::a @ 1772 (3659 bytes)
Event: 29464.891 Thread 0x000000001961b800 nmethod 29617 0x00000000076f6610 code [0x00000000076f8600, 0x000000000770e718]
Event: 29464.891 Thread 0x000000001961b800 29626       3       com.android.tools.r8.ir.analysis.type.j::a (238 bytes)
Event: 29464.894 Thread 0x000000001961b800 nmethod 29626 0x00000000076ccb90 code [0x00000000076ccee0, 0x00000000076ce838]
Event: 29464.894 Thread 0x000000001961b800 29631       3       com.android.tools.r8.ir.analysis.type.k::a (8 bytes)
Event: 29464.895 Thread 0x000000001961b800 nmethod 29631 0x00000000076cc810 code [0x00000000076cc980, 0x00000000076ccae8]
Event: 29464.895 Thread 0x000000001961b800 29620       3       com.android.tools.r8.graph.s0$d::a (20 bytes)
Event: 29464.895 Thread 0x000000001961b800 nmethod 29620 0x00000000076ca2d0 code [0x00000000076ca480, 0x00000000076ca928]
Event: 29464.895 Thread 0x000000001961b800 29621       3       com.android.tools.r8.B.a.a.f::a (1070 bytes)

GC Heap History (10 events):
Event: 27196.659 GC heap before
{Heap before GC invocations=63 (full 4):
 PSYoungGen      total 344576K, used 320525K [0x00000000d5580000, 0x00000000ed080000, 0x0000000100000000)
  eden space 304128K, 100% used [0x00000000d5580000,0x00000000e7e80000,0x00000000e7e80000)
  from space 40448K, 40% used [0x00000000ea900000,0x00000000eb903648,0x00000000ed080000)
  to   space 41984K, 0% used [0x00000000e7e80000,0x00000000e7e80000,0x00000000ea780000)
 ParOldGen       total 145920K, used 71314K [0x0000000080000000, 0x0000000088e80000, 0x00000000d5580000)
  object space 145920K, 48% used [0x0000000080000000,0x00000000845a48f0,0x0000000088e80000)
 Metaspace       used 97908K, capacity 104496K, committed 104744K, reserved 1140736K
  class space    used 12427K, capacity 13543K, committed 13608K, reserved 1048576K
Event: 27196.710 GC heap after
Heap after GC invocations=63 (full 4):
 PSYoungGen      total 346112K, used 21925K [0x00000000d5580000, 0x00000000ed200000, 0x0000000100000000)
  eden space 304128K, 0% used [0x00000000d5580000,0x00000000d5580000,0x00000000e7e80000)
  from space 41984K, 52% used [0x00000000e7e80000,0x00000000e93e97c8,0x00000000ea780000)
  to   space 40448K, 0% used [0x00000000eaa80000,0x00000000eaa80000,0x00000000ed200000)
 ParOldGen       total 145920K, used 71354K [0x0000000080000000, 0x0000000088e80000, 0x00000000d5580000)
  object space 145920K, 48% used [0x0000000080000000,0x00000000845ae8f0,0x0000000088e80000)
 Metaspace       used 97908K, capacity 104496K, committed 104744K, reserved 1140736K
  class space    used 12427K, capacity 13543K, committed 13608K, reserved 1048576K
}
Event: 27495.327 GC heap before
{Heap before GC invocations=64 (full 4):
 PSYoungGen      total 346112K, used 326053K [0x00000000d5580000, 0x00000000ed200000, 0x0000000100000000)
  eden space 304128K, 100% used [0x00000000d5580000,0x00000000e7e80000,0x00000000e7e80000)
  from space 41984K, 52% used [0x00000000e7e80000,0x00000000e93e97c8,0x00000000ea780000)
  to   space 40448K, 0% used [0x00000000eaa80000,0x00000000eaa80000,0x00000000ed200000)
 ParOldGen       total 145920K, used 71354K [0x0000000080000000, 0x0000000088e80000, 0x00000000d5580000)
  object space 145920K, 48% used [0x0000000080000000,0x00000000845ae8f0,0x0000000088e80000)
 Metaspace       used 97948K, capacity 104496K, committed 104744K, reserved 1140736K
  class space    used 12428K, capacity 13543K, committed 13608K, reserved 1048576K
Event: 27495.350 GC heap after
Heap after GC invocations=64 (full 4):
 PSYoungGen      total 347648K, used 8794K [0x00000000d5580000, 0x00000000ed400000, 0x0000000100000000)
  eden space 307200K, 0% used [0x00000000d5580000,0x00000000d5580000,0x00000000e8180000)
  from space 40448K, 21% used [0x00000000eaa80000,0x00000000eb3168c8,0x00000000ed200000)
  to   space 41984K, 0% used [0x00000000e8180000,0x00000000e8180000,0x00000000eaa80000)
 ParOldGen       total 145920K, used 71771K [0x0000000080000000, 0x0000000088e80000, 0x00000000d5580000)
  object space 145920K, 49% used [0x0000000080000000,0x0000000084616d08,0x0000000088e80000)
 Metaspace       used 97948K, capacity 104496K, committed 104744K, reserved 1140736K
  class space    used 12428K, capacity 13543K, committed 13608K, reserved 1048576K
}
Event: 27656.268 GC heap before
{Heap before GC invocations=65 (full 4):
 PSYoungGen      total 347648K, used 315994K [0x00000000d5580000, 0x00000000ed400000, 0x0000000100000000)
  eden space 307200K, 100% used [0x00000000d5580000,0x00000000e8180000,0x00000000e8180000)
  from space 40448K, 21% used [0x00000000eaa80000,0x00000000eb3168c8,0x00000000ed200000)
  to   space 41984K, 0% used [0x00000000e8180000,0x00000000e8180000,0x00000000eaa80000)
 ParOldGen       total 145920K, used 71771K [0x0000000080000000, 0x0000000088e80000, 0x00000000d5580000)
  object space 145920K, 49% used [0x0000000080000000,0x0000000084616d08,0x0000000088e80000)
 Metaspace       used 97998K, capacity 104496K, committed 104744K, reserved 1140736K
  class space    used 12428K, capacity 13543K, committed 13608K, reserved 1048576K
Event: 27656.308 GC heap after
Heap after GC invocations=65 (full 4):
 PSYoungGen      total 349184K, used 12845K [0x00000000d5580000, 0x00000000ed580000, 0x0000000100000000)
  eden space 307200K, 0% used [0x00000000d5580000,0x00000000d5580000,0x00000000e8180000)
  from space 41984K, 30% used [0x00000000e8180000,0x00000000e8e0b758,0x00000000eaa80000)
  to   space 41472K, 0% used [0x00000000ead00000,0x00000000ead00000,0x00000000ed580000)
 ParOldGen       total 145920K, used 71835K [0x0000000080000000, 0x0000000088e80000, 0x00000000d5580000)
  object space 145920K, 49% used [0x0000000080000000,0x0000000084626d08,0x0000000088e80000)
 Metaspace       used 97998K, capacity 104496K, committed 104744K, reserved 1140736K
  class space    used 12428K, capacity 13543K, committed 13608K, reserved 1048576K
}
Event: 28704.962 GC heap before
{Heap before GC invocations=66 (full 4):
 PSYoungGen      total 349184K, used 320045K [0x00000000d5580000, 0x00000000ed580000, 0x0000000100000000)
  eden space 307200K, 100% used [0x00000000d5580000,0x00000000e8180000,0x00000000e8180000)
  from space 41984K, 30% used [0x00000000e8180000,0x00000000e8e0b758,0x00000000eaa80000)
  to   space 41472K, 0% used [0x00000000ead00000,0x00000000ead00000,0x00000000ed580000)
 ParOldGen       total 145920K, used 71835K [0x0000000080000000, 0x0000000088e80000, 0x00000000d5580000)
  object space 145920K, 49% used [0x0000000080000000,0x0000000084626d08,0x0000000088e80000)
 Metaspace       used 98041K, capacity 104564K, committed 104744K, reserved 1140736K
  class space    used 12428K, capacity 13543K, committed 13608K, reserved 1048576K
Event: 28705.085 GC heap after
Heap after GC invocations=66 (full 4):
 PSYoungGen      total 349696K, used 14705K [0x00000000d5580000, 0x00000000ed400000, 0x0000000100000000)
  eden space 309760K, 0% used [0x00000000d5580000,0x00000000d5580000,0x00000000e8400000)
  from space 39936K, 36% used [0x00000000ead00000,0x00000000ebb5c5b0,0x00000000ed400000)
  to   space 40960K, 0% used [0x00000000e8400000,0x00000000e8400000,0x00000000eac00000)
 ParOldGen       total 145920K, used 72259K [0x0000000080000000, 0x0000000088e80000, 0x00000000d5580000)
  object space 145920K, 49% used [0x0000000080000000,0x0000000084690d08,0x0000000088e80000)
 Metaspace       used 98041K, capacity 104564K, committed 104744K, reserved 1140736K
  class space    used 12428K, capacity 13543K, committed 13608K, reserved 1048576K
}
Event: 29461.136 GC heap before
{Heap before GC invocations=67 (full 4):
 PSYoungGen      total 349696K, used 324465K [0x00000000d5580000, 0x00000000ed400000, 0x0000000100000000)
  eden space 309760K, 100% used [0x00000000d5580000,0x00000000e8400000,0x00000000e8400000)
  from space 39936K, 36% used [0x00000000ead00000,0x00000000ebb5c5b0,0x00000000ed400000)
  to   space 40960K, 0% used [0x00000000e8400000,0x00000000e8400000,0x00000000eac00000)
 ParOldGen       total 145920K, used 72259K [0x0000000080000000, 0x0000000088e80000, 0x00000000d5580000)
  object space 145920K, 49% used [0x0000000080000000,0x0000000084690d08,0x0000000088e80000)
 Metaspace       used 98103K, capacity 104564K, committed 104744K, reserved 1140736K
  class space    used 12429K, capacity 13543K, committed 13608K, reserved 1048576K
Event: 29461.382 GC heap after
Heap after GC invocations=67 (full 4):
 PSYoungGen      total 350720K, used 31669K [0x00000000d5580000, 0x00000000eda00000, 0x0000000100000000)
  eden space 309760K, 0% used [0x00000000d5580000,0x00000000d5580000,0x00000000e8400000)
  from space 40960K, 77% used [0x00000000e8400000,0x00000000ea2ed6d8,0x00000000eac00000)
  to   space 43008K, 0% used [0x00000000eb000000,0x00000000eb000000,0x00000000eda00000)
 ParOldGen       total 145920K, used 72323K [0x0000000080000000, 0x0000000088e80000, 0x00000000d5580000)
  object space 145920K, 49% used [0x0000000080000000,0x00000000846a0d08,0x0000000088e80000)
 Metaspace       used 98103K, capacity 104564K, committed 104744K, reserved 1140736K
  class space    used 12429K, capacity 13543K, committed 13608K, reserved 1048576K
}

Deoptimization events (10 events):
Event: 29464.646 Thread 0x000000001cb70000 Uncommon trap: reason=predicate action=maybe_recompile pc=0x000000000763c618 method=com.android.tools.r8.u.b.d0.a(Lcom/android/tools/r8/u/b/d0;Lcom/android/tools/r8/ir/regalloc/d;)Z @ 445
Event: 29464.648 Thread 0x000000001cb70000 Uncommon trap: reason=unstable_if action=reinterpret pc=0x0000000007329030 method=com.android.tools.r8.ir.optimize.Z.a(Lcom/android/tools/r8/u/b/T;Lcom/android/tools/r8/ir/regalloc/d;I)V @ 359
Event: 29464.664 Thread 0x000000001c7bc000 Uncommon trap: reason=unloaded action=reinterpret pc=0x0000000006e406cc method=com.android.tools.r8.graph.y0.a(I)V @ 814
Event: 29464.738 Thread 0x000000001cb70000 Uncommon trap: reason=unstable_if action=reinterpret pc=0x0000000006ba7d9c method=com.android.tools.r8.graph.e0.a(C)Z @ 39
Event: 29464.740 Thread 0x000000001cb70000 Uncommon trap: reason=unstable_if action=reinterpret pc=0x0000000004da3530 method=com.android.tools.r8.u.b.i1.b()Z @ 4
Event: 29464.741 Thread 0x000000001cb70000 Uncommon trap: reason=unstable_if action=reinterpret pc=0x000000000656a624 method=com.android.tools.r8.utils.X.F()Z @ 9
Event: 29464.865 Thread 0x000000001cb70000 Uncommon trap: reason=unstable_if action=reinterpret pc=0x000000000630309c method=com.android.tools.r8.graph.e0.a(C)Z @ 39
Event: 29464.900 Thread 0x000000001cb6d800 Uncommon trap: reason=unstable_if action=reinterpret pc=0x0000000004711d64 method=com.android.tools.r8.B.a.a.f.a(II[C)Ljava/lang/String; @ 32
Event: 29464.900 Thread 0x000000001cb6d800 Uncommon trap: reason=unstable_if action=reinterpret pc=0x00000000055561c8 method=com.android.tools.r8.graph.d0.a(C)I @ 7
Event: 29464.901 Thread 0x000000001cb6d800 Uncommon trap: reason=unstable_if action=reinterpret pc=0x0000000004dbeac4 method=com.android.tools.r8.graph.d0.a(C[BI)I @ 7

Classes redefined (0 events):
No events

Internal exceptions (10 events):
Event: 28708.408 Thread 0x0000000022a0b000 Exception <a 'sun/nio/fs/WindowsException'> (0x00000000dac3be68) thrown at [D:\src\AOSP-openjdk-cygwin\jdk8u\hotspot\src\share\vm\prims\jni.cpp, line 710]
Event: 29459.416 Thread 0x000000001c570800 Exception <a 'sun/nio/fs/WindowsException'> (0x00000000e366aba0) thrown at [D:\src\AOSP-openjdk-cygwin\jdk8u\hotspot\src\share\vm\prims\jni.cpp, line 710]
Event: 29459.416 Thread 0x000000001c570800 Exception <a 'sun/nio/fs/WindowsException'> (0x00000000e366b048) thrown at [D:\src\AOSP-openjdk-cygwin\jdk8u\hotspot\src\share\vm\prims\jni.cpp, line 710]
Event: 29464.013 Thread 0x000000001c7bc000 Exception <a 'sun/nio/fs/WindowsException'> (0x00000000d8cd7c38) thrown at [D:\src\AOSP-openjdk-cygwin\jdk8u\hotspot\src\share\vm\prims\jni.cpp, line 710]
Event: 29464.040 Thread 0x000000001cb70000 Exception <a 'sun/nio/fs/WindowsException'> (0x00000000d9490110) thrown at [D:\src\AOSP-openjdk-cygwin\jdk8u\hotspot\src\share\vm\prims\jni.cpp, line 710]
Event: 29464.090 Thread 0x000000001cb73000 Exception <a 'sun/nio/fs/WindowsException'> (0x00000000d9a9c1b8) thrown at [D:\src\AOSP-openjdk-cygwin\jdk8u\hotspot\src\share\vm\prims\jni.cpp, line 710]
Event: 29464.172 Thread 0x000000001cb6c000 Exception <a 'sun/nio/fs/WindowsException'> (0x00000000da09b1c8) thrown at [D:\src\AOSP-openjdk-cygwin\jdk8u\hotspot\src\share\vm\prims\jni.cpp, line 710]
Event: 29464.200 Thread 0x000000001cb6e800 Exception <a 'sun/nio/fs/WindowsException'> (0x00000000da3de268) thrown at [D:\src\AOSP-openjdk-cygwin\jdk8u\hotspot\src\share\vm\prims\jni.cpp, line 710]
Event: 29464.493 Thread 0x000000001cb71800 Exception <a 'sun/nio/fs/WindowsException'> (0x00000000db4a5508) thrown at [D:\src\AOSP-openjdk-cygwin\jdk8u\hotspot\src\share\vm\prims\jni.cpp, line 710]
Event: 29464.666 Thread 0x000000001cb6d800 Exception <a 'sun/nio/fs/WindowsException'> (0x00000000dc308890) thrown at [D:\src\AOSP-openjdk-cygwin\jdk8u\hotspot\src\share\vm\prims\jni.cpp, line 710]

Events (10 events):
Event: 29464.865 Thread 0x000000001cb70000 DEOPT UNPACKING pc=0x00000000027b557b sp=0x000000002719c728 mode 2
Event: 29464.900 Thread 0x000000001cb6d800 Uncommon trap: trap_request=0xffffff65 fr.pc=0x0000000004711d64
Event: 29464.900 Thread 0x000000001cb6d800 DEOPT PACKING pc=0x0000000004711d64 sp=0x0000000027f9c410
Event: 29464.900 Thread 0x000000001cb6d800 DEOPT UNPACKING pc=0x00000000027b557b sp=0x0000000027f9c370 mode 2
Event: 29464.900 Thread 0x000000001cb6d800 Uncommon trap: trap_request=0xffffff65 fr.pc=0x00000000055561c8
Event: 29464.900 Thread 0x000000001cb6d800 DEOPT PACKING pc=0x00000000055561c8 sp=0x0000000027f9c2b0
Event: 29464.901 Thread 0x000000001cb6d800 DEOPT UNPACKING pc=0x00000000027b557b sp=0x0000000027f9c128 mode 2
Event: 29464.901 Thread 0x000000001cb6d800 Uncommon trap: trap_request=0xffffff65 fr.pc=0x0000000004dbeac4
Event: 29464.901 Thread 0x000000001cb6d800 DEOPT PACKING pc=0x0000000004dbeac4 sp=0x0000000027f9c170
Event: 29464.901 Thread 0x000000001cb6d800 DEOPT UNPACKING pc=0x00000000027b557b sp=0x0000000027f9c110 mode 2


Dynamic libraries:
0x00007ff662fe0000 - 0x00007ff663011000 	C:\Program Files\Android\Android Studio\jre\bin\java.exe
0x00007ffef17c0000 - 0x00007ffef19b0000 	C:\WINDOWS\SYSTEM32\ntdll.dll
0x00007ffee5ec0000 - 0x00007ffee5ed2000 	C:\Program Files\AVAST Software\Avast\aswhook.dll
0x00007ffef16c0000 - 0x00007ffef1772000 	C:\WINDOWS\System32\KERNEL32.DLL
0x00007ffeef1d0000 - 0x00007ffeef474000 	C:\WINDOWS\System32\KERNELBASE.dll
0x00007ffef15a0000 - 0x00007ffef1643000 	C:\WINDOWS\System32\ADVAPI32.dll
0x00007ffef1500000 - 0x00007ffef159e000 	C:\WINDOWS\System32\msvcrt.dll
0x00007ffeeffe0000 - 0x00007ffef0077000 	C:\WINDOWS\System32\sechost.dll
0x00007ffeef870000 - 0x00007ffeef990000 	C:\WINDOWS\System32\RPCRT4.dll
0x00007ffeefcc0000 - 0x00007ffeefe55000 	C:\WINDOWS\System32\USER32.dll
0x00007ffeee740000 - 0x00007ffeee761000 	C:\WINDOWS\System32\win32u.dll
0x00007ffeefc90000 - 0x00007ffeefcb6000 	C:\WINDOWS\System32\GDI32.dll
0x00007ffeef4b0000 - 0x00007ffeef646000 	C:\WINDOWS\System32\gdi32full.dll
0x00007ffeeef60000 - 0x00007ffeeeffe000 	C:\WINDOWS\System32\msvcp_win.dll
0x00007ffeef000000 - 0x00007ffeef0fa000 	C:\WINDOWS\System32\ucrtbase.dll
0x00007ffeedb70000 - 0x00007ffeeddf4000 	C:\WINDOWS\WinSxS\amd64_microsoft.windows.common-controls_6595b64144ccf1df_6.0.18362.1016_none_9e7a36bbe461dae4\COMCTL32.dll
0x00007ffef1050000 - 0x00007ffef1385000 	C:\WINDOWS\System32\combase.dll
0x00007ffeef100000 - 0x00007ffeef180000 	C:\WINDOWS\System32\bcryptPrimitives.dll
0x00007ffeeff50000 - 0x00007ffeeff7e000 	C:\WINDOWS\System32\IMM32.DLL
0x00000000529a0000 - 0x0000000052a72000 	C:\Program Files\Android\Android Studio\jre\jre\bin\msvcr100.dll
0x0000000053510000 - 0x0000000053d56000 	C:\Program Files\Android\Android Studio\jre\jre\bin\server\jvm.dll
0x00007ffeef990000 - 0x00007ffeef998000 	C:\WINDOWS\System32\PSAPI.DLL
0x00007ffed6300000 - 0x00007ffed6309000 	C:\WINDOWS\SYSTEM32\WSOCK32.dll
0x00007ffef08f0000 - 0x00007ffef095f000 	C:\WINDOWS\System32\WS2_32.dll
0x00007ffee6600000 - 0x00007ffee6624000 	C:\WINDOWS\SYSTEM32\WINMM.dll
0x00007ffee4220000 - 0x00007ffee422a000 	C:\WINDOWS\SYSTEM32\VERSION.dll
0x00007ffee6590000 - 0x00007ffee65bd000 	C:\WINDOWS\SYSTEM32\WINMMBASE.dll
0x00007ffeef180000 - 0x00007ffeef1ca000 	C:\WINDOWS\System32\cfgmgr32.dll
0x00007ffeecd70000 - 0x00007ffeecd7f000 	C:\Program Files\Android\Android Studio\jre\jre\bin\verify.dll
0x00007ffed9400000 - 0x00007ffed9429000 	C:\Program Files\Android\Android Studio\jre\jre\bin\java.dll
0x00007ffee21a0000 - 0x00007ffee21b6000 	C:\Program Files\Android\Android Studio\jre\jre\bin\zip.dll
0x00007ffef0960000 - 0x00007ffef1047000 	C:\WINDOWS\System32\SHELL32.dll
0x00007ffef0140000 - 0x00007ffef01e9000 	C:\WINDOWS\System32\shcore.dll
0x00007ffeee7d0000 - 0x00007ffeeef52000 	C:\WINDOWS\System32\windows.storage.dll
0x00007ffeee680000 - 0x00007ffeee6a3000 	C:\WINDOWS\System32\profapi.dll
0x00007ffeee6d0000 - 0x00007ffeee71a000 	C:\WINDOWS\System32\powrprof.dll
0x00007ffeee670000 - 0x00007ffeee680000 	C:\WINDOWS\System32\UMPDC.dll
0x00007ffef1650000 - 0x00007ffef16a2000 	C:\WINDOWS\System32\shlwapi.dll
0x00007ffeee6b0000 - 0x00007ffeee6c1000 	C:\WINDOWS\System32\kernel.appcore.dll
0x00007ffeef650000 - 0x00007ffeef667000 	C:\WINDOWS\System32\cryptsp.dll
0x00007ffed9480000 - 0x00007ffed949a000 	C:\Program Files\Android\Android Studio\jre\jre\bin\net.dll
0x00007ffeda9b0000 - 0x00007ffedab86000 	C:\WINDOWS\SYSTEM32\urlmon.dll
0x00007ffedb120000 - 0x00007ffedb3c6000 	C:\WINDOWS\SYSTEM32\iertutil.dll
0x00007ffeeda20000 - 0x00007ffeeda2c000 	C:\WINDOWS\SYSTEM32\CRYPTBASE.DLL
0x00007ffeed850000 - 0x00007ffeed8b7000 	C:\WINDOWS\system32\mswsock.dll
0x00007ffed92d0000 - 0x00007ffed92e3000 	C:\Program Files\Android\Android Studio\jre\jre\bin\nio.dll
0x00007ffeaac50000 - 0x00007ffeaac76000 	C:\Users\Karan More\.gradle\native\30\windows-amd64\native-platform.dll
0x00007ffee9380000 - 0x00007ffee938d000 	C:\Program Files\Android\Android Studio\jre\jre\bin\management.dll
0x00007ffeed3c0000 - 0x00007ffeed3f3000 	C:\WINDOWS\system32\rsaenh.dll
0x00007ffeef480000 - 0x00007ffeef4a6000 	C:\WINDOWS\System32\bcrypt.dll
0x00007ffeee590000 - 0x00007ffeee5b5000 	C:\WINDOWS\SYSTEM32\USERENV.dll
0x00007ffeed560000 - 0x00007ffeed59a000 	C:\WINDOWS\SYSTEM32\IPHLPAPI.DLL
0x00007ffef16b0000 - 0x00007ffef16b8000 	C:\WINDOWS\System32\NSI.dll
0x00007ffee2cd0000 - 0x00007ffee2ce6000 	C:\WINDOWS\SYSTEM32\dhcpcsvc6.DLL
0x00007ffee1fb0000 - 0x00007ffee1fcc000 	C:\WINDOWS\SYSTEM32\dhcpcsvc.DLL
0x00007ffeed5a0000 - 0x00007ffeed66b000 	C:\WINDOWS\SYSTEM32\DNSAPI.dll
0x00007ffed7e20000 - 0x00007ffed7e44000 	C:\Program Files\Android\Android Studio\jre\jre\bin\sunec.dll
0x00000000548c0000 - 0x00000000548e6000 	C:\Program Files\Bonjour\mdnsNSP.dll
0x00007ffed7400000 - 0x00007ffed740a000 	C:\Windows\System32\rasadhlp.dll
0x00007ffee0f60000 - 0x00007ffee0fd7000 	C:\WINDOWS\System32\fwpuclnt.dll
0x00007ffee72a0000 - 0x00007ffee72ab000 	C:\Program Files\Android\Android Studio\jre\jre\bin\sunmscapi.dll
0x00007ffeef720000 - 0x00007ffeef869000 	C:\WINDOWS\System32\CRYPT32.dll
0x00007ffeee720000 - 0x00007ffeee732000 	C:\WINDOWS\System32\MSASN1.dll

VM Arguments:
jvm_args: -Xmx2048M -Dfile.encoding=windows-1252 -Duser.country=US -Duser.language=en -Duser.variant 
java_command: org.gradle.launcher.daemon.bootstrap.GradleDaemon 5.6.4
java_class_path (initial): C:\Users\Karan More\.gradle\wrapper\dists\gradle-5.6.4-all\ankdp27end7byghfw1q2sw75f\gradle-5.6.4\lib\gradle-launcher-5.6.4.jar
Launcher Type: SUN_STANDARD

Environment Variables:
JAVA_HOME=C:\Program Files\Java\jdk1.8.0_181
PATH=C:\Python\Python38\Scripts\;C:\Python\Python38\;C:\Program Files\apache-ant-1.9.14\bin;C:\WINDOWS\system32;C:\WINDOWS;C:\WINDOWS\System32\Wbem;C:\WINDOWS\System32\WindowsPowerShell\v1.0\;C:\Program Files\Git\cmd;C:\Program Files\nodejs\;C:\Program Files\gradle-2.8\bin;C:\Program Files (x86)\Common Files\Oracle\Java\javapath;C:\Program Files\dotnet\;C:\Program Files\Microsoft SQL Server\130\Tools\Binn\;C:\Program Files\Microsoft SQL Server\Client SDK\ODBC\170\Tools\Binn\;C:\Program Files (x86)\Microsoft SQL Server\150\DTS\Binn\;C:\Program Files\Microsoft SQL Server\Client SDK\ODBC\130\Tools\Binn\;C:\Program Files (x86)\Microsoft SQL Server\140\Tools\Binn\;C:\Program Files\Microsoft SQL Server\140\Tools\Binn\;C:\Program Files\Microsoft SQL Server\140\DTS\Binn\;C:\xampp\php;C:\ProgramData\ComposerSetup\bin;C:\WINDOWS\System32\OpenSSH\;C:\Program Files\PuTTY\;C:\Program Files\Amazon\AWSCLIV2\;C:\Users\Karan More\Miniconda3;C:\Users\Karan More\Miniconda3\Library\mingw-w64\bin;C:\Users\Karan More\Miniconda3\Library\usr\bin;C:\Users\Karan More\Miniconda3\Library\bin;C:\Users\Karan More\Miniconda3\Scripts;C:\Users\Karan More\AppData\Local\Programs\Python\Python38-32\Scripts\;C:\Users\Karan More\AppData\Local\Programs\Python\Python38-32\;C:\Users\Karan More\AppData\Local\Microsoft\WindowsApps;C:\Users\Karan More\AppData\Local\Programs\Microsoft VS Code\bin;C:\Users\Karan More\AppData\Roaming\npm;C:\Users\Karan More\AppData\Roaming\Composer\vendor\bin;D:\mohit\soft\apache-maven-3.6.2\bin;C:\Program Files\Java\jdk1.8.0_181\bin;C:\Users\Karan More\AppData\Local\Programs\Fiddler
USERNAME=Karan More
OS=Windows_NT
PROCESSOR_IDENTIFIER=Intel64 Family 6 Model 142 Stepping 10, GenuineIntel



---------------  S Y S T E M  ---------------

OS: Windows 10.0 , 64 bit Build 18362 (10.0.18362.959)

CPU:total 8 (initial active 8) (4 cores per cpu, 2 threads per core) family 6 model 142 stepping 10, cmov, cx8, fxsr, mmx, sse, sse2, sse3, ssse3, sse4.1, sse4.2, popcnt, avx, avx2, aes, clmul, erms, rtm, 3dnowpref, lzcnt, ht, tsc, tscinvbit, bmi1, bmi2, adx

Memory: 4k page, physical 8244736k(470500k free), swap 23978680k(4856k free)

vm_info: OpenJDK 64-Bit Server VM (25.212-b04) for windows-amd64 JRE (1.8.0_212-release-1586-b04), built by "builder" with MS VC++ 10.0 (VS2010)

time: Wed Sep 09 19:05:22 2020
timezone: India Standard Time
elapsed time: 29465 seconds (0d 8h 11m 5s)

